25 Apr 12:15:38 - Your node instance does not have root privileges. This means that the flash XML policy file will be served inline instead of on port 843. This will slow down initial connections slightly.
25 Apr 12:15:38 - socket.io ready - accepting connections
{ socket: 
   { bufferSize: 0,
     fd: 5,
     type: 'tcp4',
     allowHalfOpen: true,
     _readWatcher: 
      { socket: [Circular],
        callback: [Function: onReadable] },
     destroyed: false,
     readable: true,
     _writeQueue: [],
     _writeQueueEncoding: [],
     _writeQueueFD: [],
     _writeQueueCallbacks: [],
     _writeWatcher: 
      { socket: [Circular],
        callback: [Function: onWritable] },
     writable: true,
     _writeImpl: [Function],
     _readImpl: [Function],
     _shutdownImpl: [Function],
     remoteAddress: '127.0.0.1',
     remotePort: 36554,
     server: 
      { stack: [Object],
        connections: 3,
        allowHalfOpen: true,
        watcher: [Object],
        _events: [Object],
        httpAllowHalfOpen: false,
        match: [Object],
        lookup: [Object],
        settings: [Object],
        redirects: {},
        isCallbacks: {},
        viewHelpers: [Object],
        dynamicViewHelpers: {},
        errorHandlers: [],
        route: '/',
        routes: [Object],
        router: [Getter],
        __usedRouter: true,
        type: 'tcp4',
        fd: 6 },
     ondrain: [Function],
     _idleTimeout: 120000,
     _idleNext: 
      { bufferSize: 0,
        fd: 9,
        type: 'tcp4',
        allowHalfOpen: true,
        _readWatcher: [Object],
        destroyed: false,
        readable: true,
        _writeQueue: [],
        _writeQueueEncoding: [],
        _writeQueueFD: [],
        _writeQueueCallbacks: [],
        _writeWatcher: [Object],
        writable: true,
        _writeImpl: [Function],
        _readImpl: [Function],
        _shutdownImpl: [Function],
        remoteAddress: '127.0.0.1',
        remotePort: 36558,
        server: [Object],
        ondrain: [Function],
        _idleTimeout: 120000,
        _idleNext: [Object],
        _idlePrev: [Circular],
        _idleStart: Mon, 25 Apr 2011 19:16:06 GMT,
        _events: [Object],
        ondata: [Function],
        onend: [Function],
        _httpMessage: null },
     _idlePrev: 
      { repeat: 120,
        _idleNext: [Circular],
        _idlePrev: [Object],
        callback: [Function] },
     _idleStart: Mon, 25 Apr 2011 19:16:08 GMT,
     _events: 
      { timeout: [Function],
        error: [Function],
        close: [Function] },
     ondata: [Function],
     onend: [Function],
     _httpMessage: 
      { output: [],
        outputEncodings: [],
        writable: true,
        _last: false,
        chunkedEncoding: false,
        shouldKeepAlive: true,
        useChunkedEncodingByDefault: true,
        _hasBody: true,
        _trailer: '',
        finished: false,
        socket: [Circular],
        connection: [Circular],
        _events: [Object],
        _headers: [Object],
        _headerNames: [Object],
        app: [Object],
        req: [Circular] } },
  connection: 
   { bufferSize: 0,
     fd: 5,
     type: 'tcp4',
     allowHalfOpen: true,
     _readWatcher: 
      { socket: [Circular],
        callback: [Function: onReadable] },
     destroyed: false,
     readable: true,
     _writeQueue: [],
     _writeQueueEncoding: [],
     _writeQueueFD: [],
     _writeQueueCallbacks: [],
     _writeWatcher: 
      { socket: [Circular],
        callback: [Function: onWritable] },
     writable: true,
     _writeImpl: [Function],
     _readImpl: [Function],
     _shutdownImpl: [Function],
     remoteAddress: '127.0.0.1',
     remotePort: 36554,
     server: 
      { stack: [Object],
        connections: 3,
        allowHalfOpen: true,
        watcher: [Object],
        _events: [Object],
        httpAllowHalfOpen: false,
        match: [Object],
        lookup: [Object],
        settings: [Object],
        redirects: {},
        isCallbacks: {},
        viewHelpers: [Object],
        dynamicViewHelpers: {},
        errorHandlers: [],
        route: '/',
        routes: [Object],
        router: [Getter],
        __usedRouter: true,
        type: 'tcp4',
        fd: 6 },
     ondrain: [Function],
     _idleTimeout: 120000,
     _idleNext: 
      { bufferSize: 0,
        fd: 9,
        type: 'tcp4',
        allowHalfOpen: true,
        _readWatcher: [Object],
        destroyed: false,
        readable: true,
        _writeQueue: [],
        _writeQueueEncoding: [],
        _writeQueueFD: [],
        _writeQueueCallbacks: [],
        _writeWatcher: [Object],
        writable: true,
        _writeImpl: [Function],
        _readImpl: [Function],
        _shutdownImpl: [Function],
        remoteAddress: '127.0.0.1',
        remotePort: 36558,
        server: [Object],
        ondrain: [Function],
        _idleTimeout: 120000,
        _idleNext: [Object],
        _idlePrev: [Circular],
        _idleStart: Mon, 25 Apr 2011 19:16:06 GMT,
        _events: [Object],
        ondata: [Function],
        onend: [Function],
        _httpMessage: null },
     _idlePrev: 
      { repeat: 120,
        _idleNext: [Circular],
        _idlePrev: [Object],
        callback: [Function] },
     _idleStart: Mon, 25 Apr 2011 19:16:08 GMT,
     _events: 
      { timeout: [Function],
        error: [Function],
        close: [Function] },
     ondata: [Function],
     onend: [Function],
     _httpMessage: 
      { output: [],
        outputEncodings: [],
        writable: true,
        _last: false,
        chunkedEncoding: false,
        shouldKeepAlive: true,
        useChunkedEncodingByDefault: true,
        _hasBody: true,
        _trailer: '',
        finished: false,
        socket: [Circular],
        connection: [Circular],
        _events: [Object],
        _headers: [Object],
        _headerNames: [Object],
        app: [Object],
        req: [Circular] } },
  httpVersion: '1.1',
  complete: false,
  headers: 
   { host: 'localhost:8124',
     connection: 'keep-alive',
     referer: 'http://localhost:8124/',
     'content-length': '37127',
     origin: 'http://localhost:8124',
     'x-file-size': '37127',
     'x-requested-with': 'XMLHttpRequest',
     'x-filename': 'me.jpg',
     'x-file-name': 'me.jpg',
     'user-agent': 'Mozilla/5.0 (X11; U; Linux x86_64; en-US) AppleWebKit/534.16 (KHTML, like Gecko) Ubuntu/10.10 Chromium/10.0.648.205 Chrome/10.0.648.205 Safari/534.16',
     'content-type': 'application/octet-stream',
     'x-file-type': 'image/jpeg',
     accept: '*/*',
     'accept-encoding': 'gzip,deflate,sdch',
     'accept-language': 'en-US,en;q=0.8',
     'accept-charset': 'ISO-8859-1,utf-8;q=0.7,*;q=0.3' },
  trailers: {},
  readable: true,
  url: '/upload',
  method: 'PUT',
  statusCode: null,
  client: 
   { bufferSize: 0,
     fd: 5,
     type: 'tcp4',
     allowHalfOpen: true,
     _readWatcher: 
      { socket: [Circular],
        callback: [Function: onReadable] },
     destroyed: false,
     readable: true,
     _writeQueue: [],
     _writeQueueEncoding: [],
     _writeQueueFD: [],
     _writeQueueCallbacks: [],
     _writeWatcher: 
      { socket: [Circular],
        callback: [Function: onWritable] },
     writable: true,
     _writeImpl: [Function],
     _readImpl: [Function],
     _shutdownImpl: [Function],
     remoteAddress: '127.0.0.1',
     remotePort: 36554,
     server: 
      { stack: [Object],
        connections: 3,
        allowHalfOpen: true,
        watcher: [Object],
        _events: [Object],
        httpAllowHalfOpen: false,
        match: [Object],
        lookup: [Object],
        settings: [Object],
        redirects: {},
        isCallbacks: {},
        viewHelpers: [Object],
        dynamicViewHelpers: {},
        errorHandlers: [],
        route: '/',
        routes: [Object],
        router: [Getter],
        __usedRouter: true,
        type: 'tcp4',
        fd: 6 },
     ondrain: [Function],
     _idleTimeout: 120000,
     _idleNext: 
      { bufferSize: 0,
        fd: 9,
        type: 'tcp4',
        allowHalfOpen: true,
        _readWatcher: [Object],
        destroyed: false,
        readable: true,
        _writeQueue: [],
        _writeQueueEncoding: [],
        _writeQueueFD: [],
        _writeQueueCallbacks: [],
        _writeWatcher: [Object],
        writable: true,
        _writeImpl: [Function],
        _readImpl: [Function],
        _shutdownImpl: [Function],
        remoteAddress: '127.0.0.1',
        remotePort: 36558,
        server: [Object],
        ondrain: [Function],
        _idleTimeout: 120000,
        _idleNext: [Object],
        _idlePrev: [Circular],
        _idleStart: Mon, 25 Apr 2011 19:16:06 GMT,
        _events: [Object],
        ondata: [Function],
        onend: [Function],
        _httpMessage: null },
     _idlePrev: 
      { repeat: 120,
        _idleNext: [Circular],
        _idlePrev: [Object],
        callback: [Function] },
     _idleStart: Mon, 25 Apr 2011 19:16:08 GMT,
     _events: 
      { timeout: [Function],
        error: [Function],
        close: [Function] },
     ondata: [Function],
     onend: [Function],
     _httpMessage: 
      { output: [],
        outputEncodings: [],
        writable: true,
        _last: false,
        chunkedEncoding: false,
        shouldKeepAlive: true,
        useChunkedEncodingByDefault: true,
        _hasBody: true,
        _trailer: '',
        finished: false,
        socket: [Circular],
        connection: [Circular],
        _events: [Object],
        _headers: [Object],
        _headerNames: [Object],
        app: [Object],
        req: [Circular] } },
  httpVersionMajor: 1,
  httpVersionMinor: 1,
  upgrade: false,
  originalUrl: '/upload',
  query: {},
  app: 
   { stack: [ [Object], [Object], [Object] ],
     connections: 3,
     allowHalfOpen: true,
     watcher: { host: [Circular], callback: [Function] },
     _events: 
      { request: [Function],
        connection: [Object],
        listening: [Function],
        upgrade: [Function],
        close: [Function] },
     httpAllowHalfOpen: false,
     match: 
      { get: [Function],
        post: [Function],
        put: [Function],
        delete: [Function],
        connect: [Function],
        options: [Function],
        trace: [Function],
        copy: [Function],
        lock: [Function],
        mkcol: [Function],
        move: [Function],
        propfind: [Function],
        proppatch: [Function],
        unlock: [Function],
        report: [Function],
        mkactivity: [Function],
        checkout: [Function],
        merge: [Function],
        del: [Function],
        all: [Function] },
     lookup: 
      { get: [Function],
        post: [Function],
        put: [Function],
        delete: [Function],
        connect: [Function],
        options: [Function],
        trace: [Function],
        copy: [Function],
        lock: [Function],
        mkcol: [Function],
        move: [Function],
        propfind: [Function],
        proppatch: [Function],
        unlock: [Function],
        report: [Function],
        mkactivity: [Function],
        checkout: [Function],
        merge: [Function],
        del: [Function],
        all: [Function] },
     settings: { home: '/', env: 'development', hints: true },
     redirects: {},
     isCallbacks: {},
     viewHelpers: { settings: [Object], app: [Circular] },
     dynamicViewHelpers: {},
     errorHandlers: [],
     route: '/',
     routes: 
      { get: [Function],
        post: [Function],
        put: [Function],
        delete: [Function],
        connect: [Function],
        options: [Function],
        trace: [Function],
        copy: [Function],
        lock: [Function],
        mkcol: [Function],
        move: [Function],
        propfind: [Function],
        proppatch: [Function],
        unlock: [Function],
        report: [Function],
        mkactivity: [Function],
        checkout: [Function],
        merge: [Function],
        del: [Function],
        all: [Function],
        param: [Function] },
     router: [Getter],
     __usedRouter: true,
     type: 'tcp4',
     fd: 6 },
  res: 
   { output: [],
     outputEncodings: [],
     writable: true,
     _last: false,
     chunkedEncoding: false,
     shouldKeepAlive: true,
     useChunkedEncodingByDefault: true,
     _hasBody: true,
     _trailer: '',
     finished: false,
     socket: 
      { bufferSize: 0,
        fd: 5,
        type: 'tcp4',
        allowHalfOpen: true,
        _readWatcher: [Object],
        destroyed: false,
        readable: true,
        _writeQueue: [],
        _writeQueueEncoding: [],
        _writeQueueFD: [],
        _writeQueueCallbacks: [],
        _writeWatcher: [Object],
        writable: true,
        _writeImpl: [Function],
        _readImpl: [Function],
        _shutdownImpl: [Function],
        remoteAddress: '127.0.0.1',
        remotePort: 36554,
        server: [Object],
        ondrain: [Function],
        _idleTimeout: 120000,
        _idleNext: [Object],
        _idlePrev: [Object],
        _idleStart: Mon, 25 Apr 2011 19:16:08 GMT,
        _events: [Object],
        ondata: [Function],
        onend: [Function],
        _httpMessage: [Circular] },
     connection: 
      { bufferSize: 0,
        fd: 5,
        type: 'tcp4',
        allowHalfOpen: true,
        _readWatcher: [Object],
        destroyed: false,
        readable: true,
        _writeQueue: [],
        _writeQueueEncoding: [],
        _writeQueueFD: [],
        _writeQueueCallbacks: [],
        _writeWatcher: [Object],
        writable: true,
        _writeImpl: [Function],
        _readImpl: [Function],
        _shutdownImpl: [Function],
        remoteAddress: '127.0.0.1',
        remotePort: 36554,
        server: [Object],
        ondrain: [Function],
        _idleTimeout: 120000,
        _idleNext: [Object],
        _idlePrev: [Object],
        _idleStart: Mon, 25 Apr 2011 19:16:08 GMT,
        _events: [Object],
        ondata: [Function],
        onend: [Function],
        _httpMessage: [Circular] },
     _events: { finish: [Function] },
     _headers: { 'x-powered-by': 'Express' },
     _headerNames: { 'x-powered-by': 'X-Powered-By' },
     app: 
      { stack: [Object],
        connections: 3,
        allowHalfOpen: true,
        watcher: [Object],
        _events: [Object],
        httpAllowHalfOpen: false,
        match: [Object],
        lookup: [Object],
        settings: [Object],
        redirects: {},
        isCallbacks: {},
        viewHelpers: [Object],
        dynamicViewHelpers: {},
        errorHandlers: [],
        route: '/',
        routes: [Object],
        router: [Getter],
        __usedRouter: true,
        type: 'tcp4',
        fd: 6 },
     req: [Circular] },
  next: [Function: next],
  _route_index: 0,
  params: [] }
{ socket: 
   { bufferSize: 0,
     fd: 5,
     type: 'tcp4',
     allowHalfOpen: true,
     _readWatcher: 
      { socket: [Circular],
        callback: [Function: onReadable] },
     destroyed: false,
     readable: true,
     _writeQueue: [],
     _writeQueueEncoding: [],
     _writeQueueFD: [],
     _writeQueueCallbacks: [],
     _writeWatcher: 
      { socket: [Circular],
        callback: [Function: onWritable] },
     writable: true,
     _writeImpl: [Function],
     _readImpl: [Function],
     _shutdownImpl: [Function],
     remoteAddress: '127.0.0.1',
     remotePort: 58631,
     server: 
      { stack: [Object],
        connections: 1,
        allowHalfOpen: true,
        watcher: [Object],
        _events: [Object],
        httpAllowHalfOpen: false,
        match: [Object],
        lookup: [Object],
        settings: [Object],
        redirects: {},
        isCallbacks: {},
        viewHelpers: [Object],
        dynamicViewHelpers: {},
        errorHandlers: [],
        route: '/',
        routes: [Object],
        router: [Getter],
        __usedRouter: true,
        type: 'tcp4',
        fd: 6 },
     ondrain: [Function],
     _idleTimeout: 120000,
     _idleNext: 
      { repeat: 120,
        _idleNext: [Circular],
        _idlePrev: [Circular],
        callback: [Function] },
     _idlePrev: 
      { repeat: 120,
        _idleNext: [Circular],
        _idlePrev: [Circular],
        callback: [Function] },
     _idleStart: Mon, 25 Apr 2011 19:18:08 GMT,
     _events: 
      { timeout: [Function],
        error: [Function],
        close: [Function] },
     ondata: [Function],
     onend: [Function],
     _httpMessage: 
      { output: [],
        outputEncodings: [],
        writable: true,
        _last: false,
        chunkedEncoding: false,
        shouldKeepAlive: true,
        useChunkedEncodingByDefault: true,
        _hasBody: true,
        _trailer: '',
        finished: false,
        socket: [Circular],
        connection: [Circular],
        _events: [Object],
        _headers: [Object],
        _headerNames: [Object],
        app: [Object],
        req: [Circular] } },
  connection: 
   { bufferSize: 0,
     fd: 5,
     type: 'tcp4',
     allowHalfOpen: true,
     _readWatcher: 
      { socket: [Circular],
        callback: [Function: onReadable] },
     destroyed: false,
     readable: true,
     _writeQueue: [],
     _writeQueueEncoding: [],
     _writeQueueFD: [],
     _writeQueueCallbacks: [],
     _writeWatcher: 
      { socket: [Circular],
        callback: [Function: onWritable] },
     writable: true,
     _writeImpl: [Function],
     _readImpl: [Function],
     _shutdownImpl: [Function],
     remoteAddress: '127.0.0.1',
     remotePort: 58631,
     server: 
      { stack: [Object],
        connections: 1,
        allowHalfOpen: true,
        watcher: [Object],
        _events: [Object],
        httpAllowHalfOpen: false,
        match: [Object],
        lookup: [Object],
        settings: [Object],
        redirects: {},
        isCallbacks: {},
        viewHelpers: [Object],
        dynamicViewHelpers: {},
        errorHandlers: [],
        route: '/',
        routes: [Object],
        router: [Getter],
        __usedRouter: true,
        type: 'tcp4',
        fd: 6 },
     ondrain: [Function],
     _idleTimeout: 120000,
     _idleNext: 
      { repeat: 120,
        _idleNext: [Circular],
        _idlePrev: [Circular],
        callback: [Function] },
     _idlePrev: 
      { repeat: 120,
        _idleNext: [Circular],
        _idlePrev: [Circular],
        callback: [Function] },
     _idleStart: Mon, 25 Apr 2011 19:18:08 GMT,
     _events: 
      { timeout: [Function],
        error: [Function],
        close: [Function] },
     ondata: [Function],
     onend: [Function],
     _httpMessage: 
      { output: [],
        outputEncodings: [],
        writable: true,
        _last: false,
        chunkedEncoding: false,
        shouldKeepAlive: true,
        useChunkedEncodingByDefault: true,
        _hasBody: true,
        _trailer: '',
        finished: false,
        socket: [Circular],
        connection: [Circular],
        _events: [Object],
        _headers: [Object],
        _headerNames: [Object],
        app: [Object],
        req: [Circular] } },
  httpVersion: '1.1',
  complete: false,
  headers: 
   { host: 'localhost:8124',
     connection: 'keep-alive',
     referer: 'http://localhost:8124/',
     'content-length': '37127',
     origin: 'http://localhost:8124',
     'x-file-size': '37127',
     'x-requested-with': 'XMLHttpRequest',
     'x-filename': 'me.jpg',
     'x-file-name': 'me.jpg',
     'user-agent': 'Mozilla/5.0 (X11; U; Linux x86_64; en-US) AppleWebKit/534.16 (KHTML, like Gecko) Ubuntu/10.10 Chromium/10.0.648.205 Chrome/10.0.648.205 Safari/534.16',
     'content-type': 'application/octet-stream',
     'x-file-type': 'image/jpeg',
     accept: '*/*',
     'accept-encoding': 'gzip,deflate,sdch',
     'accept-language': 'en-US,en;q=0.8',
     'accept-charset': 'ISO-8859-1,utf-8;q=0.7,*;q=0.3' },
  trailers: {},
  readable: true,
  url: '/upload',
  method: 'PUT',
  statusCode: null,
  client: 
   { bufferSize: 0,
     fd: 5,
     type: 'tcp4',
     allowHalfOpen: true,
     _readWatcher: 
      { socket: [Circular],
        callback: [Function: onReadable] },
     destroyed: false,
     readable: true,
     _writeQueue: [],
     _writeQueueEncoding: [],
     _writeQueueFD: [],
     _writeQueueCallbacks: [],
     _writeWatcher: 
      { socket: [Circular],
        callback: [Function: onWritable] },
     writable: true,
     _writeImpl: [Function],
     _readImpl: [Function],
     _shutdownImpl: [Function],
     remoteAddress: '127.0.0.1',
     remotePort: 58631,
     server: 
      { stack: [Object],
        connections: 1,
        allowHalfOpen: true,
        watcher: [Object],
        _events: [Object],
        httpAllowHalfOpen: false,
        match: [Object],
        lookup: [Object],
        settings: [Object],
        redirects: {},
        isCallbacks: {},
        viewHelpers: [Object],
        dynamicViewHelpers: {},
        errorHandlers: [],
        route: '/',
        routes: [Object],
        router: [Getter],
        __usedRouter: true,
        type: 'tcp4',
        fd: 6 },
     ondrain: [Function],
     _idleTimeout: 120000,
     _idleNext: 
      { repeat: 120,
        _idleNext: [Circular],
        _idlePrev: [Circular],
        callback: [Function] },
     _idlePrev: 
      { repeat: 120,
        _idleNext: [Circular],
        _idlePrev: [Circular],
        callback: [Function] },
     _idleStart: Mon, 25 Apr 2011 19:18:08 GMT,
     _events: 
      { timeout: [Function],
        error: [Function],
        close: [Function] },
     ondata: [Function],
     onend: [Function],
     _httpMessage: 
      { output: [],
        outputEncodings: [],
        writable: true,
        _last: false,
        chunkedEncoding: false,
        shouldKeepAlive: true,
        useChunkedEncodingByDefault: true,
        _hasBody: true,
        _trailer: '',
        finished: false,
        socket: [Circular],
        connection: [Circular],
        _events: [Object],
        _headers: [Object],
        _headerNames: [Object],
        app: [Object],
        req: [Circular] } },
  httpVersionMajor: 1,
  httpVersionMinor: 1,
  upgrade: false,
  originalUrl: '/upload',
  query: {},
  app: 
   { stack: [ [Object], [Object], [Object] ],
     connections: 1,
     allowHalfOpen: true,
     watcher: { host: [Circular], callback: [Function] },
     _events: 
      { request: [Function],
        connection: [Object],
        listening: [Function],
        upgrade: [Function],
        close: [Function] },
     httpAllowHalfOpen: false,
     match: 
      { get: [Function],
        post: [Function],
        put: [Function],
        delete: [Function],
        connect: [Function],
        options: [Function],
        trace: [Function],
        copy: [Function],
        lock: [Function],
        mkcol: [Function],
        move: [Function],
        propfind: [Function],
        proppatch: [Function],
        unlock: [Function],
        report: [Function],
        mkactivity: [Function],
        checkout: [Function],
        merge: [Function],
        del: [Function],
        all: [Function] },
     lookup: 
      { get: [Function],
        post: [Function],
        put: [Function],
        delete: [Function],
        connect: [Function],
        options: [Function],
        trace: [Function],
        copy: [Function],
        lock: [Function],
        mkcol: [Function],
        move: [Function],
        propfind: [Function],
        proppatch: [Function],
        unlock: [Function],
        report: [Function],
        mkactivity: [Function],
        checkout: [Function],
        merge: [Function],
        del: [Function],
        all: [Function] },
     settings: { home: '/', env: 'development', hints: true },
     redirects: {},
     isCallbacks: {},
     viewHelpers: { settings: [Object], app: [Circular] },
     dynamicViewHelpers: {},
     errorHandlers: [],
     route: '/',
     routes: 
      { get: [Function],
        post: [Function],
        put: [Function],
        delete: [Function],
        connect: [Function],
        options: [Function],
        trace: [Function],
        copy: [Function],
        lock: [Function],
        mkcol: [Function],
        move: [Function],
        propfind: [Function],
        proppatch: [Function],
        unlock: [Function],
        report: [Function],
        mkactivity: [Function],
        checkout: [Function],
        merge: [Function],
        del: [Function],
        all: [Function],
        param: [Function] },
     router: [Getter],
     __usedRouter: true,
     type: 'tcp4',
     fd: 6 },
  res: 
   { output: [],
     outputEncodings: [],
     writable: true,
     _last: false,
     chunkedEncoding: false,
     shouldKeepAlive: true,
     useChunkedEncodingByDefault: true,
     _hasBody: true,
     _trailer: '',
     finished: false,
     socket: 
      { bufferSize: 0,
        fd: 5,
        type: 'tcp4',
        allowHalfOpen: true,
        _readWatcher: [Object],
        destroyed: false,
        readable: true,
        _writeQueue: [],
        _writeQueueEncoding: [],
        _writeQueueFD: [],
        _writeQueueCallbacks: [],
        _writeWatcher: [Object],
        writable: true,
        _writeImpl: [Function],
        _readImpl: [Function],
        _shutdownImpl: [Function],
        remoteAddress: '127.0.0.1',
        remotePort: 58631,
        server: [Object],
        ondrain: [Function],
        _idleTimeout: 120000,
        _idleNext: [Object],
        _idlePrev: [Object],
        _idleStart: Mon, 25 Apr 2011 19:18:08 GMT,
        _events: [Object],
        ondata: [Function],
        onend: [Function],
        _httpMessage: [Circular] },
     connection: 
      { bufferSize: 0,
        fd: 5,
        type: 'tcp4',
        allowHalfOpen: true,
        _readWatcher: [Object],
        destroyed: false,
        readable: true,
        _writeQueue: [],
        _writeQueueEncoding: [],
        _writeQueueFD: [],
        _writeQueueCallbacks: [],
        _writeWatcher: [Object],
        writable: true,
        _writeImpl: [Function],
        _readImpl: [Function],
        _shutdownImpl: [Function],
        remoteAddress: '127.0.0.1',
        remotePort: 58631,
        server: [Object],
        ondrain: [Function],
        _idleTimeout: 120000,
        _idleNext: [Object],
        _idlePrev: [Object],
        _idleStart: Mon, 25 Apr 2011 19:18:08 GMT,
        _events: [Object],
        ondata: [Function],
        onend: [Function],
        _httpMessage: [Circular] },
     _events: { finish: [Function] },
     _headers: { 'x-powered-by': 'Express' },
     _headerNames: { 'x-powered-by': 'X-Powered-By' },
     app: 
      { stack: [Object],
        connections: 1,
        allowHalfOpen: true,
        watcher: [Object],
        _events: [Object],
        httpAllowHalfOpen: false,
        match: [Object],
        lookup: [Object],
        settings: [Object],
        redirects: {},
        isCallbacks: {},
        viewHelpers: [Object],
        dynamicViewHelpers: {},
        errorHandlers: [],
        route: '/',
        routes: [Object],
        router: [Getter],
        __usedRouter: true,
        type: 'tcp4',
        fd: 6 },
     req: [Circular] },
  next: [Function: next],
  _route_index: 0,
  params: [] }
